android-mdm-agent/app/build/intermediates/manifest_merge_blame_file/debug/manifest-merger-blame-debug-report.txt
1<?xml version="1.0" encoding="utf-8"?>
2<manifest xmlns:android="http://schemas.android.com/apk/res/android"
3    package="com.mdm.agent"
4    android:versionCode="1"
5    android:versionName="1.0" >
6
7    <uses-sdk
8        android:minSdkVersion="26"
9        android:targetSdkVersion="34" />
10
11    <!-- Device Admin permissions -->
12    <uses-permission android:name="android.permission.BIND_DEVICE_ADMIN" />
12-->src/main/AndroidManifest.xml:6:5-76
12-->src/main/AndroidManifest.xml:6:22-73
13
14    <!-- Network permissions -->
15    <uses-permission android:name="android.permission.INTERNET" />
15-->src/main/AndroidManifest.xml:9:5-67
15-->src/main/AndroidManifest.xml:9:22-64
16    <uses-permission android:name="android.permission.ACCESS_NETWORK_STATE" />
16-->src/main/AndroidManifest.xml:10:5-79
16-->src/main/AndroidManifest.xml:10:22-76
17
18    <!-- Location permissions -->
19    <uses-permission android:name="android.permission.ACCESS_FINE_LOCATION" />
19-->src/main/AndroidManifest.xml:13:5-79
19-->src/main/AndroidManifest.xml:13:22-76
20    <uses-permission android:name="android.permission.ACCESS_COARSE_LOCATION" />
20-->src/main/AndroidManifest.xml:14:5-81
20-->src/main/AndroidManifest.xml:14:22-78
21    <uses-permission android:name="android.permission.ACCESS_BACKGROUND_LOCATION" />
21-->src/main/AndroidManifest.xml:15:5-85
21-->src/main/AndroidManifest.xml:15:22-82
22
23    <!-- App management permissions -->
24    <uses-permission android:name="android.permission.REQUEST_INSTALL_PACKAGES" />
24-->src/main/AndroidManifest.xml:18:5-83
24-->src/main/AndroidManifest.xml:18:22-80
25    <uses-permission android:name="android.permission.REQUEST_DELETE_PACKAGES" />
25-->src/main/AndroidManifest.xml:19:5-82
25-->src/main/AndroidManifest.xml:19:22-79
26    <uses-permission android:name="android.permission.QUERY_ALL_PACKAGES" />
26-->src/main/AndroidManifest.xml:20:5-77
26-->src/main/AndroidManifest.xml:20:22-74
27
28    <!-- Device info permissions -->
29    <uses-permission android:name="android.permission.READ_PHONE_STATE" />
29-->src/main/AndroidManifest.xml:23:5-75
29-->src/main/AndroidManifest.xml:23:22-72
30    <uses-permission android:name="android.permission.ACCESS_WIFI_STATE" />
30-->src/main/AndroidManifest.xml:24:5-76
30-->src/main/AndroidManifest.xml:24:22-73
31    <uses-permission android:name="android.permission.CHANGE_WIFI_STATE" />
31-->src/main/AndroidManifest.xml:25:5-76
31-->src/main/AndroidManifest.xml:25:22-73
32
33    <!-- Camera permission for QR code scanning -->
34    <uses-permission android:name="android.permission.CAMERA" />
34-->src/main/AndroidManifest.xml:28:5-65
34-->src/main/AndroidManifest.xml:28:22-62
35
36    <uses-feature
36-->src/main/AndroidManifest.xml:29:5-95
37        android:name="android.hardware.camera.autofocus"
37-->src/main/AndroidManifest.xml:29:19-67
38        android:required="false" />
38-->src/main/AndroidManifest.xml:29:68-92
39    <uses-feature
39-->src/main/AndroidManifest.xml:30:5-85
40        android:name="android.hardware.camera"
40-->src/main/AndroidManifest.xml:30:19-57
41        android:required="false" />
41-->src/main/AndroidManifest.xml:30:58-82
42
43    <!-- Storage permissions -->
44    <uses-permission android:name="android.permission.WRITE_EXTERNAL_STORAGE" />
44-->src/main/AndroidManifest.xml:33:5-81
44-->src/main/AndroidManifest.xml:33:22-78
45    <uses-permission android:name="android.permission.READ_EXTERNAL_STORAGE" />
45-->src/main/AndroidManifest.xml:34:5-80
45-->src/main/AndroidManifest.xml:34:22-77
46
47    <!-- Boot receiver -->
48    <uses-permission android:name="android.permission.RECEIVE_BOOT_COMPLETED" />
48-->src/main/AndroidManifest.xml:37:5-81
48-->src/main/AndroidManifest.xml:37:22-78
49
50    <!-- Wake lock for background operations -->
51    <uses-permission android:name="android.permission.WAKE_LOCK" />
51-->src/main/AndroidManifest.xml:40:5-68
51-->src/main/AndroidManifest.xml:40:22-65
52
53    <!-- Firebase messaging -->
54    <uses-permission android:name="android.permission.VIBRATE" />
54-->src/main/AndroidManifest.xml:43:5-66
54-->src/main/AndroidManifest.xml:43:22-63
55    <uses-permission android:name="android.permission.POST_NOTIFICATIONS" /> <!-- Required by older versions of Google Play services to create IID tokens -->
55-->[com.google.firebase:firebase-messaging:23.4.0] AndroidManifest.xml:23:5-77
55-->[com.google.firebase:firebase-messaging:23.4.0] AndroidManifest.xml:23:22-74
56    <uses-permission android:name="com.google.android.c2dm.permission.RECEIVE" />
56-->[com.google.firebase:firebase-messaging:23.4.0] AndroidManifest.xml:26:5-82
56-->[com.google.firebase:firebase-messaging:23.4.0] AndroidManifest.xml:26:22-79
57    <uses-permission android:name="com.google.android.gms.permission.AD_ID" />
57-->[com.google.android.gms:play-services-measurement-api:21.5.0] AndroidManifest.xml:25:5-79
57-->[com.google.android.gms:play-services-measurement-api:21.5.0] AndroidManifest.xml:25:22-76
58    <uses-permission android:name="android.permission.ACCESS_ADSERVICES_ATTRIBUTION" />
58-->[com.google.android.gms:play-services-measurement-api:21.5.0] AndroidManifest.xml:26:5-88
58-->[com.google.android.gms:play-services-measurement-api:21.5.0] AndroidManifest.xml:26:22-85
59    <uses-permission android:name="android.permission.ACCESS_ADSERVICES_AD_ID" />
59-->[com.google.android.gms:play-services-measurement-api:21.5.0] AndroidManifest.xml:27:5-82
59-->[com.google.android.gms:play-services-measurement-api:21.5.0] AndroidManifest.xml:27:22-79
60    <uses-permission android:name="android.permission.FOREGROUND_SERVICE" />
60-->[androidx.work:work-runtime:2.9.0] AndroidManifest.xml:26:5-77
60-->[androidx.work:work-runtime:2.9.0] AndroidManifest.xml:26:22-74
61    <uses-permission android:name="com.google.android.finsky.permission.BIND_GET_INSTALL_REFERRER_SERVICE" />
61-->[com.google.android.gms:play-services-measurement:21.5.0] AndroidManifest.xml:26:5-110
61-->[com.google.android.gms:play-services-measurement:21.5.0] AndroidManifest.xml:26:22-107
62
63    <permission
63-->[androidx.core:core:1.12.0] AndroidManifest.xml:22:5-24:47
64        android:name="com.mdm.agent.DYNAMIC_RECEIVER_NOT_EXPORTED_PERMISSION"
64-->[androidx.core:core:1.12.0] AndroidManifest.xml:23:9-81
65        android:protectionLevel="signature" />
65-->[androidx.core:core:1.12.0] AndroidManifest.xml:24:9-44
66
67    <uses-permission android:name="com.mdm.agent.DYNAMIC_RECEIVER_NOT_EXPORTED_PERMISSION" />
67-->[androidx.core:core:1.12.0] AndroidManifest.xml:26:5-97
67-->[androidx.core:core:1.12.0] AndroidManifest.xml:26:22-94
68
69    <uses-feature
69-->[com.journeyapps:zxing-android-embedded:4.3.0] AndroidManifest.xml:28:5-30:36
70        android:name="android.hardware.camera.front"
70-->[com.journeyapps:zxing-android-embedded:4.3.0] AndroidManifest.xml:29:9-53
71        android:required="false" />
71-->[com.journeyapps:zxing-android-embedded:4.3.0] AndroidManifest.xml:30:9-33
72    <uses-feature
72-->[com.journeyapps:zxing-android-embedded:4.3.0] AndroidManifest.xml:36:5-38:36
73        android:name="android.hardware.camera.flash"
73-->[com.journeyapps:zxing-android-embedded:4.3.0] AndroidManifest.xml:37:9-53
74        android:required="false" />
74-->[com.journeyapps:zxing-android-embedded:4.3.0] AndroidManifest.xml:38:9-33
75    <uses-feature
75-->[com.journeyapps:zxing-android-embedded:4.3.0] AndroidManifest.xml:39:5-41:36
76        android:name="android.hardware.screen.landscape"
76-->[com.journeyapps:zxing-android-embedded:4.3.0] AndroidManifest.xml:40:9-57
77        android:required="false" />
77-->[com.journeyapps:zxing-android-embedded:4.3.0] AndroidManifest.xml:41:9-33
78    <uses-feature
78-->[com.journeyapps:zxing-android-embedded:4.3.0] AndroidManifest.xml:42:5-44:36
79        android:name="android.hardware.wifi"
79-->[com.journeyapps:zxing-android-embedded:4.3.0] AndroidManifest.xml:43:9-45
80        android:required="false" />
80-->[com.journeyapps:zxing-android-embedded:4.3.0] AndroidManifest.xml:44:9-33
81
82    <application
82-->src/main/AndroidManifest.xml:45:5-156:19
83        android:name="com.mdm.agent.MDMApplication"
83-->src/main/AndroidManifest.xml:46:9-39
84        android:allowBackup="true"
84-->src/main/AndroidManifest.xml:47:9-35
85        android:appComponentFactory="androidx.core.app.CoreComponentFactory"
85-->[androidx.core:core:1.12.0] AndroidManifest.xml:28:18-86
86        android:dataExtractionRules="@xml/data_extraction_rules"
86-->src/main/AndroidManifest.xml:48:9-65
87        android:debuggable="true"
88        android:extractNativeLibs="false"
89        android:fullBackupContent="@xml/backup_rules"
89-->src/main/AndroidManifest.xml:49:9-54
90        android:icon="@mipmap/ic_launcher"
90-->src/main/AndroidManifest.xml:50:9-43
91        android:label="@string/app_name"
91-->src/main/AndroidManifest.xml:51:9-41
92        android:networkSecurityConfig="@xml/network_security_config"
92-->src/main/AndroidManifest.xml:55:5-65
93        android:roundIcon="@mipmap/ic_launcher_round"
93-->src/main/AndroidManifest.xml:52:9-54
94        android:supportsRtl="true"
94-->src/main/AndroidManifest.xml:53:9-35
95        android:theme="@style/Theme.MDMAgent" >
95-->src/main/AndroidManifest.xml:54:9-46
96
97        <!-- Main Activity -->
98        <activity
98-->src/main/AndroidManifest.xml:59:9-67:20
99            android:name="com.mdm.agent.ui.MainActivity"
99-->src/main/AndroidManifest.xml:60:13-44
100            android:exported="true"
100-->src/main/AndroidManifest.xml:61:13-36
101            android:theme="@style/Theme.MDMAgent" >
101-->src/main/AndroidManifest.xml:62:13-50
102            <intent-filter>
102-->src/main/AndroidManifest.xml:63:13-66:29
103                <action android:name="android.intent.action.MAIN" />
103-->src/main/AndroidManifest.xml:64:17-69
103-->src/main/AndroidManifest.xml:64:25-66
104
105                <category android:name="android.intent.category.LAUNCHER" />
105-->src/main/AndroidManifest.xml:65:17-77
105-->src/main/AndroidManifest.xml:65:27-74
106            </intent-filter>
107        </activity>
108
109        <!-- Enrollment Activity -->
110        <activity
110-->src/main/AndroidManifest.xml:70:9-80:20
111            android:name="com.mdm.agent.ui.EnrollmentActivity"
111-->src/main/AndroidManifest.xml:71:13-50
112            android:exported="true"
112-->src/main/AndroidManifest.xml:72:13-36
113            android:theme="@style/Theme.MDMAgent.NoActionBar" >
113-->src/main/AndroidManifest.xml:73:13-62
114            <intent-filter>
114-->src/main/AndroidManifest.xml:74:13-79:29
115                <action android:name="android.intent.action.VIEW" />
115-->src/main/AndroidManifest.xml:75:17-69
115-->src/main/AndroidManifest.xml:75:25-66
116
117                <category android:name="android.intent.category.DEFAULT" />
117-->src/main/AndroidManifest.xml:76:17-76
117-->src/main/AndroidManifest.xml:76:27-73
118                <category android:name="android.intent.category.BROWSABLE" />
118-->src/main/AndroidManifest.xml:77:17-78
118-->src/main/AndroidManifest.xml:77:27-75
119
120                <data
120-->src/main/AndroidManifest.xml:78:17-68
121                    android:host="enroll"
121-->src/main/AndroidManifest.xml:78:44-65
122                    android:scheme="mdm" />
122-->src/main/AndroidManifest.xml:78:23-43
123            </intent-filter>
124        </activity>
125
126        <!-- Device Admin Receiver -->
127        <receiver
127-->src/main/AndroidManifest.xml:83:9-97:20
128            android:name="com.mdm.agent.admin.MDMDeviceAdminReceiver"
128-->src/main/AndroidManifest.xml:84:13-57
129            android:exported="true"
129-->src/main/AndroidManifest.xml:85:13-36
130            android:permission="android.permission.BIND_DEVICE_ADMIN" >
130-->src/main/AndroidManifest.xml:86:13-70
131            <meta-data
131-->src/main/AndroidManifest.xml:87:13-89:56
132                android:name="android.app.device_admin"
132-->src/main/AndroidManifest.xml:88:17-56
133                android:resource="@xml/device_admin" />
133-->src/main/AndroidManifest.xml:89:17-53
134
135            <intent-filter>
135-->src/main/AndroidManifest.xml:90:13-96:29
136                <action android:name="android.app.action.DEVICE_ADMIN_ENABLED" />
136-->src/main/AndroidManifest.xml:91:17-82
136-->src/main/AndroidManifest.xml:91:25-79
137                <action android:name="android.app.action.DEVICE_ADMIN_DISABLED" />
137-->src/main/AndroidManifest.xml:92:17-83
137-->src/main/AndroidManifest.xml:92:25-80
138                <action android:name="android.app.action.ACTION_PASSWORD_CHANGED" />
138-->src/main/AndroidManifest.xml:93:17-85
138-->src/main/AndroidManifest.xml:93:25-82
139                <action android:name="android.app.action.ACTION_PASSWORD_FAILED" />
139-->src/main/AndroidManifest.xml:94:17-84
139-->src/main/AndroidManifest.xml:94:25-81
140                <action android:name="android.app.action.ACTION_PASSWORD_SUCCEEDED" />
140-->src/main/AndroidManifest.xml:95:17-87
140-->src/main/AndroidManifest.xml:95:25-84
141            </intent-filter>
142        </receiver>
143
144        <!-- Firebase Messaging Service -->
145        <service
145-->src/main/AndroidManifest.xml:100:9-106:19
146            android:name="com.mdm.agent.fcm.MDMFirebaseMessagingService"
146-->src/main/AndroidManifest.xml:101:13-60
147            android:exported="false" >
147-->src/main/AndroidManifest.xml:102:13-37
148            <intent-filter>
148-->src/main/AndroidManifest.xml:103:13-105:29
149                <action android:name="com.google.firebase.MESSAGING_EVENT" />
149-->src/main/AndroidManifest.xml:104:17-78
149-->src/main/AndroidManifest.xml:104:25-75
150            </intent-filter>
151        </service>
152
153        <!-- Background Services -->
154        <service
154-->src/main/AndroidManifest.xml:109:9-112:40
155            android:name="com.mdm.agent.service.MDMBackgroundService"
155-->src/main/AndroidManifest.xml:110:13-57
156            android:enabled="true"
156-->src/main/AndroidManifest.xml:111:13-35
157            android:exported="false" />
157-->src/main/AndroidManifest.xml:112:13-37
158        <service
158-->src/main/AndroidManifest.xml:114:9-117:40
159            android:name="com.mdm.agent.service.LocationService"
159-->src/main/AndroidManifest.xml:115:13-52
160            android:enabled="true"
160-->src/main/AndroidManifest.xml:116:13-35
161            android:exported="false" />
161-->src/main/AndroidManifest.xml:117:13-37
162
163        <!-- Boot Receiver -->
164        <receiver
164-->src/main/AndroidManifest.xml:120:9-130:20
165            android:name="com.mdm.agent.receiver.BootReceiver"
165-->src/main/AndroidManifest.xml:121:13-50
166            android:enabled="true"
166-->src/main/AndroidManifest.xml:122:13-35
167            android:exported="true" >
167-->src/main/AndroidManifest.xml:123:13-36
168            <intent-filter android:priority="1000" >
168-->src/main/AndroidManifest.xml:124:13-129:29
168-->src/main/AndroidManifest.xml:124:28-51
169                <action android:name="android.intent.action.BOOT_COMPLETED" />
169-->src/main/AndroidManifest.xml:125:17-79
169-->src/main/AndroidManifest.xml:125:25-76
170                <action android:name="android.intent.action.MY_PACKAGE_REPLACED" />
170-->src/main/AndroidManifest.xml:126:17-84
170-->src/main/AndroidManifest.xml:126:25-81
171                <action android:name="android.intent.action.PACKAGE_REPLACED" />
171-->src/main/AndroidManifest.xml:127:17-81
171-->src/main/AndroidManifest.xml:127:25-78
172
173                <data android:scheme="package" />
173-->src/main/AndroidManifest.xml:78:17-68
173-->src/main/AndroidManifest.xml:78:23-43
174            </intent-filter>
175        </receiver>
176
177        <!-- App Install/Uninstall Receiver -->
178        <receiver
178-->src/main/AndroidManifest.xml:133:9-143:20
179            android:name="com.mdm.agent.receiver.AppInstallReceiver"
179-->src/main/AndroidManifest.xml:134:13-56
180            android:enabled="true"
180-->src/main/AndroidManifest.xml:135:13-35
181            android:exported="true" >
181-->src/main/AndroidManifest.xml:136:13-36
182            <intent-filter android:priority="1000" >
182-->src/main/AndroidManifest.xml:137:13-142:29
182-->src/main/AndroidManifest.xml:137:28-51
183                <action android:name="android.intent.action.PACKAGE_ADDED" />
183-->src/main/AndroidManifest.xml:138:17-78
183-->src/main/AndroidManifest.xml:138:25-75
184                <action android:name="android.intent.action.PACKAGE_REMOVED" />
184-->src/main/AndroidManifest.xml:139:17-80
184-->src/main/AndroidManifest.xml:139:25-77
185                <action android:name="android.intent.action.PACKAGE_REPLACED" />
185-->src/main/AndroidManifest.xml:127:17-81
185-->src/main/AndroidManifest.xml:127:25-78
186
187                <data android:scheme="package" />
187-->src/main/AndroidManifest.xml:78:17-68
187-->src/main/AndroidManifest.xml:78:23-43
188            </intent-filter>
189        </receiver>
190
191        <!-- Work Manager Initialization -->
192        <provider
193            android:name="androidx.startup.InitializationProvider"
193-->src/main/AndroidManifest.xml:147:13-67
194            android:authorities="com.mdm.agent.androidx-startup"
194-->src/main/AndroidManifest.xml:148:13-68
195            android:exported="false" >
195-->src/main/AndroidManifest.xml:149:13-37
196            <meta-data
196-->src/main/AndroidManifest.xml:151:13-153:52
197                android:name="androidx.work.WorkManagerInitializer"
197-->src/main/AndroidManifest.xml:152:17-68
198                android:value="androidx.startup" />
198-->src/main/AndroidManifest.xml:153:17-49
199            <meta-data
199-->[androidx.emoji2:emoji2:1.2.0] AndroidManifest.xml:29:13-31:52
200                android:name="androidx.emoji2.text.EmojiCompatInitializer"
200-->[androidx.emoji2:emoji2:1.2.0] AndroidManifest.xml:30:17-75
201                android:value="androidx.startup" />
201-->[androidx.emoji2:emoji2:1.2.0] AndroidManifest.xml:31:17-49
202            <meta-data
202-->[androidx.lifecycle:lifecycle-process:2.7.0] AndroidManifest.xml:29:13-31:52
203                android:name="androidx.lifecycle.ProcessLifecycleInitializer"
203-->[androidx.lifecycle:lifecycle-process:2.7.0] AndroidManifest.xml:30:17-78
204                android:value="androidx.startup" />
204-->[androidx.lifecycle:lifecycle-process:2.7.0] AndroidManifest.xml:31:17-49
205            <meta-data
205-->[androidx.profileinstaller:profileinstaller:1.3.0] AndroidManifest.xml:29:13-31:52
206                android:name="androidx.profileinstaller.ProfileInstallerInitializer"
206-->[androidx.profileinstaller:profileinstaller:1.3.0] AndroidManifest.xml:30:17-85
207                android:value="androidx.startup" />
207-->[androidx.profileinstaller:profileinstaller:1.3.0] AndroidManifest.xml:31:17-49
208        </provider>
209
210        <activity
210-->[pub.devrel:easypermissions:3.0.0] AndroidManifest.xml:12:9-16:66
211            android:name="pub.devrel.easypermissions.AppSettingsDialogHolderActivity"
211-->[pub.devrel:easypermissions:3.0.0] AndroidManifest.xml:13:13-86
212            android:exported="false"
212-->[pub.devrel:easypermissions:3.0.0] AndroidManifest.xml:14:13-37
213            android:label=""
213-->[pub.devrel:easypermissions:3.0.0] AndroidManifest.xml:15:13-29
214            android:theme="@style/EasyPermissions.Transparent" />
214-->[pub.devrel:easypermissions:3.0.0] AndroidManifest.xml:16:13-63
215
216        <service
216-->[com.google.firebase:firebase-messaging-ktx:23.4.0] AndroidManifest.xml:23:9-29:19
217            android:name="com.google.firebase.components.ComponentDiscoveryService"
217-->[com.google.firebase:firebase-messaging-ktx:23.4.0] AndroidManifest.xml:24:13-84
218            android:directBootAware="true"
218-->[com.google.firebase:firebase-common:20.4.2] AndroidManifest.xml:32:13-43
219            android:exported="false" >
219-->[com.google.firebase:firebase-messaging-ktx:23.4.0] AndroidManifest.xml:25:13-37
220            <meta-data
220-->[com.google.firebase:firebase-messaging-ktx:23.4.0] AndroidManifest.xml:26:13-28:85
221                android:name="com.google.firebase.components:com.google.firebase.messaging.ktx.FirebaseMessagingLegacyRegistrar"
221-->[com.google.firebase:firebase-messaging-ktx:23.4.0] AndroidManifest.xml:27:17-129
222                android:value="com.google.firebase.components.ComponentRegistrar" />
222-->[com.google.firebase:firebase-messaging-ktx:23.4.0] AndroidManifest.xml:28:17-82
223            <meta-data
223-->[com.google.firebase:firebase-messaging:23.4.0] AndroidManifest.xml:57:13-59:85
224                android:name="com.google.firebase.components:com.google.firebase.messaging.FirebaseMessagingKtxRegistrar"
224-->[com.google.firebase:firebase-messaging:23.4.0] AndroidManifest.xml:58:17-122
225                android:value="com.google.firebase.components.ComponentRegistrar" />
225-->[com.google.firebase:firebase-messaging:23.4.0] AndroidManifest.xml:59:17-82
226            <meta-data
226-->[com.google.firebase:firebase-messaging:23.4.0] AndroidManifest.xml:60:13-62:85
227                android:name="com.google.firebase.components:com.google.firebase.messaging.FirebaseMessagingRegistrar"
227-->[com.google.firebase:firebase-messaging:23.4.0] AndroidManifest.xml:61:17-119
228                android:value="com.google.firebase.components.ComponentRegistrar" />
228-->[com.google.firebase:firebase-messaging:23.4.0] AndroidManifest.xml:62:17-82
229            <meta-data
229-->[com.google.firebase:firebase-analytics-ktx:21.5.0] AndroidManifest.xml:11:13-13:85
230                android:name="com.google.firebase.components:com.google.firebase.analytics.ktx.FirebaseAnalyticsLegacyRegistrar"
230-->[com.google.firebase:firebase-analytics-ktx:21.5.0] AndroidManifest.xml:12:17-129
231                android:value="com.google.firebase.components.ComponentRegistrar" />
231-->[com.google.firebase:firebase-analytics-ktx:21.5.0] AndroidManifest.xml:13:17-82
232            <meta-data
232-->[com.google.android.gms:play-services-measurement-api:21.5.0] AndroidManifest.xml:37:13-39:85
233                android:name="com.google.firebase.components:com.google.firebase.analytics.connector.internal.AnalyticsConnectorRegistrar"
233-->[com.google.android.gms:play-services-measurement-api:21.5.0] AndroidManifest.xml:38:17-139
234                android:value="com.google.firebase.components.ComponentRegistrar" />
234-->[com.google.android.gms:play-services-measurement-api:21.5.0] AndroidManifest.xml:39:17-82
235            <meta-data
235-->[com.google.firebase:firebase-installations:17.2.0] AndroidManifest.xml:15:13-17:85
236                android:name="com.google.firebase.components:com.google.firebase.installations.FirebaseInstallationsKtxRegistrar"
236-->[com.google.firebase:firebase-installations:17.2.0] AndroidManifest.xml:16:17-130
237                android:value="com.google.firebase.components.ComponentRegistrar" />
237-->[com.google.firebase:firebase-installations:17.2.0] AndroidManifest.xml:17:17-82
238            <meta-data
238-->[com.google.firebase:firebase-installations:17.2.0] AndroidManifest.xml:18:13-20:85
239                android:name="com.google.firebase.components:com.google.firebase.installations.FirebaseInstallationsRegistrar"
239-->[com.google.firebase:firebase-installations:17.2.0] AndroidManifest.xml:19:17-127
240                android:value="com.google.firebase.components.ComponentRegistrar" />
240-->[com.google.firebase:firebase-installations:17.2.0] AndroidManifest.xml:20:17-82
241            <meta-data
241-->[com.google.firebase:firebase-common-ktx:20.4.2] AndroidManifest.xml:12:13-14:85
242                android:name="com.google.firebase.components:com.google.firebase.ktx.FirebaseCommonLegacyRegistrar"
242-->[com.google.firebase:firebase-common-ktx:20.4.2] AndroidManifest.xml:13:17-116
243                android:value="com.google.firebase.components.ComponentRegistrar" />
243-->[com.google.firebase:firebase-common-ktx:20.4.2] AndroidManifest.xml:14:17-82
244            <meta-data
244-->[com.google.firebase:firebase-common:20.4.2] AndroidManifest.xml:35:13-37:85
245                android:name="com.google.firebase.components:com.google.firebase.FirebaseCommonKtxRegistrar"
245-->[com.google.firebase:firebase-common:20.4.2] AndroidManifest.xml:36:17-109
246                android:value="com.google.firebase.components.ComponentRegistrar" />
246-->[com.google.firebase:firebase-common:20.4.2] AndroidManifest.xml:37:17-82
247            <meta-data
247-->[com.google.firebase:firebase-datatransport:18.1.7] AndroidManifest.xml:27:13-29:85
248                android:name="com.google.firebase.components:com.google.firebase.datatransport.TransportRegistrar"
248-->[com.google.firebase:firebase-datatransport:18.1.7] AndroidManifest.xml:28:17-115
249                android:value="com.google.firebase.components.ComponentRegistrar" />
249-->[com.google.firebase:firebase-datatransport:18.1.7] AndroidManifest.xml:29:17-82
250        </service>
251
252        <receiver
252-->[com.google.firebase:firebase-messaging:23.4.0] AndroidManifest.xml:29:9-40:20
253            android:name="com.google.firebase.iid.FirebaseInstanceIdReceiver"
253-->[com.google.firebase:firebase-messaging:23.4.0] AndroidManifest.xml:30:13-78
254            android:exported="true"
254-->[com.google.firebase:firebase-messaging:23.4.0] AndroidManifest.xml:31:13-36
255            android:permission="com.google.android.c2dm.permission.SEND" >
255-->[com.google.firebase:firebase-messaging:23.4.0] AndroidManifest.xml:32:13-73
256            <intent-filter>
256-->[com.google.firebase:firebase-messaging:23.4.0] AndroidManifest.xml:33:13-35:29
257                <action android:name="com.google.android.c2dm.intent.RECEIVE" />
257-->[com.google.firebase:firebase-messaging:23.4.0] AndroidManifest.xml:34:17-81
257-->[com.google.firebase:firebase-messaging:23.4.0] AndroidManifest.xml:34:25-78
258            </intent-filter>
259
260            <meta-data
260-->[com.google.firebase:firebase-messaging:23.4.0] AndroidManifest.xml:37:13-39:40
261                android:name="com.google.android.gms.cloudmessaging.FINISHED_AFTER_HANDLED"
261-->[com.google.firebase:firebase-messaging:23.4.0] AndroidManifest.xml:38:17-92
262                android:value="true" />
262-->[com.google.firebase:firebase-messaging:23.4.0] AndroidManifest.xml:39:17-37
263        </receiver>
264        <!--
265             FirebaseMessagingService performs security checks at runtime,
266             but set to not exported to explicitly avoid allowing another app to call it.
267        -->
268        <service
268-->[com.google.firebase:firebase-messaging:23.4.0] AndroidManifest.xml:46:9-53:19
269            android:name="com.google.firebase.messaging.FirebaseMessagingService"
269-->[com.google.firebase:firebase-messaging:23.4.0] AndroidManifest.xml:47:13-82
270            android:directBootAware="true"
270-->[com.google.firebase:firebase-messaging:23.4.0] AndroidManifest.xml:48:13-43
271            android:exported="false" >
271-->[com.google.firebase:firebase-messaging:23.4.0] AndroidManifest.xml:49:13-37
272            <intent-filter android:priority="-500" >
272-->src/main/AndroidManifest.xml:103:13-105:29
273                <action android:name="com.google.firebase.MESSAGING_EVENT" />
273-->src/main/AndroidManifest.xml:104:17-78
273-->src/main/AndroidManifest.xml:104:25-75
274            </intent-filter>
275        </service>
276
277        <activity
277-->[com.google.android.gms:play-services-base:18.1.0] AndroidManifest.xml:20:9-22:45
278            android:name="com.google.android.gms.common.api.GoogleApiActivity"
278-->[com.google.android.gms:play-services-base:18.1.0] AndroidManifest.xml:20:19-85
279            android:exported="false"
279-->[com.google.android.gms:play-services-base:18.1.0] AndroidManifest.xml:22:19-43
280            android:theme="@android:style/Theme.Translucent.NoTitleBar" />
280-->[com.google.android.gms:play-services-base:18.1.0] AndroidManifest.xml:21:19-78
281
282        <property
282-->[com.google.android.gms:play-services-measurement-api:21.5.0] AndroidManifest.xml:30:9-32:61
283            android:name="android.adservices.AD_SERVICES_CONFIG"
283-->[com.google.android.gms:play-services-measurement-api:21.5.0] AndroidManifest.xml:31:13-65
284            android:resource="@xml/ga_ad_services_config" />
284-->[com.google.android.gms:play-services-measurement-api:21.5.0] AndroidManifest.xml:32:13-58
285
286        <provider
286-->[com.google.firebase:firebase-common:20.4.2] AndroidManifest.xml:23:9-28:39
287            android:name="com.google.firebase.provider.FirebaseInitProvider"
287-->[com.google.firebase:firebase-common:20.4.2] AndroidManifest.xml:24:13-77
288            android:authorities="com.mdm.agent.firebaseinitprovider"
288-->[com.google.firebase:firebase-common:20.4.2] AndroidManifest.xml:25:13-72
289            android:directBootAware="true"
289-->[com.google.firebase:firebase-common:20.4.2] AndroidManifest.xml:26:13-43
290            android:exported="false"
290-->[com.google.firebase:firebase-common:20.4.2] AndroidManifest.xml:27:13-37
291            android:initOrder="100" />
291-->[com.google.firebase:firebase-common:20.4.2] AndroidManifest.xml:28:13-36
292
293        <service
293-->[androidx.work:work-runtime:2.9.0] AndroidManifest.xml:39:9-45:35
294            android:name="androidx.work.impl.background.systemalarm.SystemAlarmService"
294-->[androidx.work:work-runtime:2.9.0] AndroidManifest.xml:40:13-88
295            android:directBootAware="false"
295-->[androidx.work:work-runtime:2.9.0] AndroidManifest.xml:41:13-44
296            android:enabled="@bool/enable_system_alarm_service_default"
296-->[androidx.work:work-runtime:2.9.0] AndroidManifest.xml:42:13-72
297            android:exported="false" />